Android/GraduationAR/build/intermediates/manifest_merge_blame_file/debug/manifest-merger-blame-debug-report.txt
1<?xml version="1.0" encoding="utf-8"?>
2<manifest xmlns:android="http://schemas.android.com/apk/res/android"
3    xmlns:tools="http://schemas.android.com/tools"
4    package="com.miu.Graduationar"
5    android:installLocation="preferExternal"
6    android:versionCode="1"
7    android:versionName="1.0" >
8
9    <uses-sdk
10        android:minSdkVersion="23"
10-->src/main/AndroidManifest.xml
11        android:targetSdkVersion="28" />
11-->src/main/AndroidManifest.xml
12
13    <supports-screens
13-->src/main/AndroidManifest.xml:3:3-163
14        android:anyDensity="true"
14-->src/main/AndroidManifest.xml:3:135-160
15        android:largeScreens="true"
15-->src/main/AndroidManifest.xml:3:78-105
16        android:normalScreens="true"
16-->src/main/AndroidManifest.xml:3:49-77
17        android:smallScreens="true"
17-->src/main/AndroidManifest.xml:3:21-48
18        android:xlargeScreens="true" />
18-->src/main/AndroidManifest.xml:3:106-134
19
20    <uses-feature android:glEsVersion="0x00020000" />
20-->src/main/AndroidManifest.xml:12:3-52
20-->src/main/AndroidManifest.xml:12:17-49
21
22    <uses-permission android:name="android.permission.INTERNET" />
22-->src/main/AndroidManifest.xml:13:3-65
22-->src/main/AndroidManifest.xml:13:20-62
23    <uses-permission android:name="android.permission.CAMERA" />
23-->src/main/AndroidManifest.xml:14:3-63
23-->src/main/AndroidManifest.xml:14:20-60
24
25    <uses-feature
25-->src/main/AndroidManifest.xml:15:3-83
26        android:name="android.hardware.camera"
26-->src/main/AndroidManifest.xml:15:17-55
27        android:required="false" />
27-->src/main/AndroidManifest.xml:15:56-80
28    <uses-feature
28-->src/main/AndroidManifest.xml:16:3-93
29        android:name="android.hardware.camera.autofocus"
29-->src/main/AndroidManifest.xml:16:17-65
30        android:required="false" />
30-->src/main/AndroidManifest.xml:16:66-90
31    <uses-feature
31-->src/main/AndroidManifest.xml:17:3-89
32        android:name="android.hardware.camera.front"
32-->src/main/AndroidManifest.xml:17:17-61
33        android:required="false" />
33-->src/main/AndroidManifest.xml:17:62-86
34
35    <uses-permission
35-->src/main/AndroidManifest.xml:18:3-106
36        android:name="android.permission.WRITE_EXTERNAL_STORAGE"
36-->src/main/AndroidManifest.xml:18:20-76
37        android:maxSdkVersion="18" />
37-->src/main/AndroidManifest.xml:18:77-103
38    <uses-permission
38-->src/main/AndroidManifest.xml:19:3-105
39        android:name="android.permission.READ_EXTERNAL_STORAGE"
39-->src/main/AndroidManifest.xml:19:20-75
40        android:maxSdkVersion="18" />
40-->src/main/AndroidManifest.xml:19:76-102
41
42    <uses-feature
42-->src/main/AndroidManifest.xml:20:3-88
43        android:name="android.hardware.touchscreen"
43-->src/main/AndroidManifest.xml:20:17-60
44        android:required="false" />
44-->src/main/AndroidManifest.xml:20:61-85
45    <uses-feature
45-->src/main/AndroidManifest.xml:21:3-99
46        android:name="android.hardware.touchscreen.multitouch"
46-->src/main/AndroidManifest.xml:21:17-71
47        android:required="false" />
47-->src/main/AndroidManifest.xml:21:72-96
48    <uses-feature
48-->src/main/AndroidManifest.xml:22:3-108
49        android:name="android.hardware.touchscreen.multitouch.distinct"
49-->src/main/AndroidManifest.xml:22:17-80
50        android:required="false" />
50-->src/main/AndroidManifest.xml:22:81-105
51
52    <application
52-->src/main/AndroidManifest.xml:4:3-11:17
53        android:banner="@drawable/app_banner"
53-->src/main/AndroidManifest.xml:4:71-108
54        android:isGame="true"
54-->src/main/AndroidManifest.xml:4:49-70
55        android:label="@string/app_name" >
55-->src/main/AndroidManifest.xml:4:16-48
56        <activity
56-->src/main/AndroidManifest.xml:5:5-7:16
57            android:name="com.miu.Graduationar.UnityPlayerActivity"
57-->src/main/AndroidManifest.xml:5:337-392
58            android:configChanges="mcc|mnc|locale|touchscreen|keyboard|keyboardHidden|navigation|orientation|screenLayout|uiMode|screenSize|smallestScreenSize|fontScale|layoutDirection|density"
58-->src/main/AndroidManifest.xml:5:119-300
59            android:hardwareAccelerated="false"
59-->src/main/AndroidManifest.xml:5:301-336
60            android:label="@string/app_name"
60-->src/main/AndroidManifest.xml:5:15-47
61            android:launchMode="singleTask"
61-->src/main/AndroidManifest.xml:5:87-118
62            android:screenOrientation="fullSensor" >
62-->src/main/AndroidManifest.xml:5:48-86
63            <meta-data
63-->src/main/AndroidManifest.xml:6:7-82
64                android:name="unityplayer.UnityActivity"
64-->src/main/AndroidManifest.xml:6:18-58
65                android:value="true" />
65-->src/main/AndroidManifest.xml:6:59-79
66        </activity>
67
68        <meta-data
68-->src/main/AndroidManifest.xml:8:5-101
69            android:name="unity.build-id"
69-->src/main/AndroidManifest.xml:8:16-45
70            android:value="d444a5fd-855c-486b-97e0-53918e43f774" />
70-->src/main/AndroidManifest.xml:8:46-98
71        <meta-data
71-->src/main/AndroidManifest.xml:9:5-69
72            android:name="unity.splash-mode"
72-->src/main/AndroidManifest.xml:9:16-48
73            android:value="0" />
73-->src/main/AndroidManifest.xml:9:49-66
74        <meta-data
74-->src/main/AndroidManifest.xml:10:5-74
75            android:name="unity.splash-enable"
75-->src/main/AndroidManifest.xml:10:16-50
76            android:value="True" />
76-->src/main/AndroidManifest.xml:10:51-71
77    </application>
78
79</manifest>